[{"line":3,"elements":[{"line":8,"name":"","description":"","type":"background","keyword":"Background","steps":[{"result":{"duration":1316306800,"status":"passed"},"line":9,"name":"I access the webdriver university login portal page","match":{"location":"stepDefinitions.Login_Steps.i_access_the_webdriver_university_login_portal_page()"},"after":[{"result":{"duration":1002200,"status":"passed"},"match":{"location":"stepDefinitions.base.Hooks.captureExceptionImage(io.cucumber.java.Scenario)"}}],"keyword":"Given "}]},{"start_timestamp":"2023-07-03T12:22:05.291Z","before":[{"result":{"duration":1614878200,"status":"passed"},"match":{"location":"stepDefinitions.base.Hooks.setup()"}}],"line":18,"name":"Validate - Successful & Unsuccessful login","description":"","id":"webdriver-university---validate-login-flow;validate---successful-&-unsuccessful-login;;2","after":[{"result":{"duration":182039600,"status":"passed"},"match":{"location":"stepDefinitions.base.Hooks.tearDown()"}}],"type":"scenario","keyword":"Scenario Outline","steps":[{"result":{"duration":110021700,"status":"passed"},"line":12,"name":"I enter a username webdriver","match":{"arguments":[{"val":"webdriver","offset":19}],"location":"stepDefinitions.Login_Steps.i_enter_a_username(java.lang.String)"},"after":[{"result":{"status":"passed"},"match":{"location":"stepDefinitions.base.Hooks.captureExceptionImage(io.cucumber.java.Scenario)"}}],"keyword":"When "},{"result":{"duration":95020500,"status":"passed"},"line":13,"name":"I enter a password webdriver123","match":{"arguments":[{"val":"webdriver123","offset":19}],"location":"stepDefinitions.Login_Steps.i_enter_a_password(java.lang.String)"},"after":[{"result":{"status":"passed"},"match":{"location":"stepDefinitions.base.Hooks.captureExceptionImage(io.cucumber.java.Scenario)"}}],"keyword":"And "},{"result":{"duration":80016600,"status":"passed"},"line":14,"name":"I click on the login button","match":{"location":"stepDefinitions.Login_Steps.i_click_on_the_login_button()"},"after":[{"result":{"status":"passed"},"match":{"location":"stepDefinitions.base.Hooks.captureExceptionImage(io.cucumber.java.Scenario)"}}],"keyword":"And "},{"result":{"duration":9002700,"status":"passed"},"line":15,"name":"I should be presented with a login validation message validation succeeded","match":{"arguments":[{"val":"validation succeeded","offset":54}],"location":"stepDefinitions.Login_Steps.i_should_be_presented_with_a_login_validation_message(java.lang.String)"},"after":[{"result":{"status":"passed"},"match":{"location":"stepDefinitions.base.Hooks.captureExceptionImage(io.cucumber.java.Scenario)"}}],"keyword":"Then "}],"tags":[{"name":"@login"}]},{"line":8,"name":"","description":"","type":"background","keyword":"Background","steps":[{"result":{"duration":1342313000,"status":"passed"},"line":9,"name":"I access the webdriver university login portal page","match":{"location":"stepDefinitions.Login_Steps.i_access_the_webdriver_university_login_portal_page()"},"after":[{"result":{"status":"passed"},"match":{"location":"stepDefinitions.base.Hooks.captureExceptionImage(io.cucumber.java.Scenario)"}}],"keyword":"Given "}]},{"start_timestamp":"2023-07-03T12:22:05.290Z","before":[{"result":{"duration":1614878200,"status":"passed"},"match":{"location":"stepDefinitions.base.Hooks.setup()"}}],"line":19,"name":"Validate - Successful & Unsuccessful login","description":"","id":"webdriver-university---validate-login-flow;validate---successful-&-unsuccessful-login;;3","after":[{"result":{"duration":120025900,"status":"passed"},"match":{"location":"stepDefinitions.base.Hooks.tearDown()"}}],"type":"scenario","keyword":"Scenario Outline","steps":[{"result":{"duration":102023800,"status":"passed"},"line":12,"name":"I enter a username webdriver","match":{"arguments":[{"val":"webdriver","offset":19}],"location":"stepDefinitions.Login_Steps.i_enter_a_username(java.lang.String)"},"after":[{"result":{"status":"passed"},"match":{"location":"stepDefinitions.base.Hooks.captureExceptionImage(io.cucumber.java.Scenario)"}}],"keyword":"When "},{"result":{"duration":93020500,"status":"passed"},"line":13,"name":"I enter a password webdriver346","match":{"arguments":[{"val":"webdriver346","offset":19}],"location":"stepDefinitions.Login_Steps.i_enter_a_password(java.lang.String)"},"after":[{"result":{"status":"passed"},"match":{"location":"stepDefinitions.base.Hooks.captureExceptionImage(io.cucumber.java.Scenario)"}}],"keyword":"And "},{"result":{"duration":81017800,"status":"passed"},"line":14,"name":"I click on the login button","match":{"location":"stepDefinitions.Login_Steps.i_click_on_the_login_button()"},"after":[{"result":{"status":"passed"},"match":{"location":"stepDefinitions.base.Hooks.captureExceptionImage(io.cucumber.java.Scenario)"}}],"keyword":"And "},{"result":{"error_message":"java.lang.AssertionError: expected [validation succeeded] but found [validation failed]\r\n\tat org.testng.Assert.fail(Assert.java:110)\r\n\tat org.testng.Assert.failNotEquals(Assert.java:1577)\r\n\tat org.testng.Assert.assertEqualsImpl(Assert.java:149)\r\n\tat org.testng.Assert.assertEquals(Assert.java:131)\r\n\tat org.testng.Assert.assertEquals(Assert.java:655)\r\n\tat org.testng.Assert.assertEquals(Assert.java:665)\r\n\tat pageObjects.Base_PO.waitForAlert_AndValidateText(Base_PO.java:81)\r\n\tat pageObjects.Login_PO.validate_SuccessfulLogin_Message(Login_PO.java:42)\r\n\tat stepDefinitions.Login_Steps.i_should_be_presented_with_a_login_validation_message(Login_Steps.java:53)\r\n\tat âœ½.I should be presented with a login validation message validation succeeded(classpath:features/Login.feature:15)\r\n","duration":19999200,"status":"failed"},"line":15,"name":"I should be presented with a login validation message validation succeeded","match":{"arguments":[{"val":"validation succeeded","offset":54}],"location":"stepDefinitions.Login_Steps.i_should_be_presented_with_a_login_validation_message(java.lang.String)"},"after":[{"result":{"error_message":"org.openqa.selenium.UnhandledAlertException: unexpected alert open: {Alert text : validation failed}\n  (Session info: chrome=114.0.5735.199): validation failed\nBuild info: version: '4.8.1', revision: '8ebccac989'\nSystem info: os.name: 'Windows 10', os.arch: 'amd64', os.version: '10.0', java.version: '17'\nDriver info: org.openqa.selenium.chrome.ChromeDriver\nCommand: [69230904ae85df5df9069a6de31a5d62, screenshot {}]\nCapabilities {acceptInsecureCerts: false, browserName: chrome, browserVersion: 114.0.5735.199, chrome: {chromedriverVersion: 113.0.5672.24 (65f30d4e8051..., userDataDir: C:\\Users\\Admin\\AppData\\Loca...}, goog:chromeOptions: {debuggerAddress: localhost:50995}, networkConnectionEnabled: false, pageLoadStrategy: normal, platformName: WINDOWS, proxy: Proxy(), se:cdp: ws://localhost:50995/devtoo..., se:cdpVersion: 114.0.5735.199, setWindowRect: true, strictFileInteractability: false, timeouts: {implicit: 0, pageLoad: 300000, script: 30000}, unhandledPromptBehavior: dismiss and notify, webauthn:extension:credBlob: true, webauthn:extension:largeBlob: true, webauthn:extension:minPinLength: true, webauthn:extension:prf: true, webauthn:virtualAuthenticators: true}\nSession ID: 69230904ae85df5df9069a6de31a5d62\r\n\tat org.openqa.selenium.remote.codec.w3c.W3CHttpResponseCodec.decode(W3CHttpResponseCodec.java:131)\r\n\tat org.openqa.selenium.remote.codec.w3c.W3CHttpResponseCodec.decode(W3CHttpResponseCodec.java:53)\r\n\tat org.openqa.selenium.remote.HttpCommandExecutor.execute(HttpCommandExecutor.java:184)\r\n\tat org.openqa.selenium.remote.service.DriverCommandExecutor.invokeExecute(DriverCommandExecutor.java:167)\r\n\tat org.openqa.selenium.remote.service.DriverCommandExecutor.execute(DriverCommandExecutor.java:142)\r\n\tat org.openqa.selenium.remote.RemoteWebDriver.execute(RemoteWebDriver.java:543)\r\n\tat org.openqa.selenium.remote.RemoteWebDriver.execute(RemoteWebDriver.java:598)\r\n\tat org.openqa.selenium.remote.RemoteWebDriver.execute(RemoteWebDriver.java:602)\r\n\tat org.openqa.selenium.remote.RemoteWebDriver.getScreenshotAs(RemoteWebDriver.java:318)\r\n\tat stepDefinitions.base.Hooks.captureExceptionImage(Hooks.java:33)\r\n","duration":16001300,"status":"failed"},"match":{"location":"stepDefinitions.base.Hooks.captureExceptionImage(io.cucumber.java.Scenario)"}}],"keyword":"Then "}],"tags":[{"name":"@login"}]}],"name":"Webdriver University - Validate login flow","description":"  //can use the \"Background\" keyword to group steps that occur in multiple steps -\n  //helps to simplify tests, and avoid duplication","id":"webdriver-university---validate-login-flow","keyword":"Feature","uri":"classpath:features/Login.feature","tags":[{"name":"@login","type":"Tag","location":{"line":1,"column":1}}]}]